<?xml version="1.0" encoding="UTF-8"?>
<testsuite name="example.control.SoftwareAcademyServiceTest" time="1.129" tests="4" errors="0" skipped="0" failures="2">
  <properties>
[...]
</properties>
  <testcase name="addStudentGradesWithOneOutOfBoundAndGetAverageTest" classname="example.control.SoftwareAcademyServiceTest" time="0.364"/>
  <testcase name="testThrowExceptionWhenOneOutOfBoundGradePresent" classname="example.control.SoftwareAcademyServiceTest" time="0.25">
    <failure message="Expected exception: java.sql.SQLException" type="java.lang.AssertionError">java.lang.AssertionError: Expected exception: java.sql.SQLException
	at org.junit.internal.runners.statements.ExpectException.evaluate(ExpectException.java:32)
	at org.junit.internal.runners.statements.RunBefores.evaluate(RunBefores.java:26)
	at org.junit.internal.runners.statements.RunAfters.evaluate(RunAfters.java:27)
	at org.junit.runners.ParentRunner.runLeaf(ParentRunner.java:325)
	at org.junit.runners.BlockJUnit4ClassRunner.runChild(BlockJUnit4ClassRunner.java:78)
	at org.junit.runners.BlockJUnit4ClassRunner.runChild(BlockJUnit4ClassRunner.java:57)
	at org.junit.runners.ParentRunner$3.run(ParentRunner.java:290)
	at org.junit.runners.ParentRunner$1.schedule(ParentRunner.java:71)
	at org.junit.runners.ParentRunner.runChildren(ParentRunner.java:288)
	at org.junit.runners.ParentRunner.access$000(ParentRunner.java:58)
	at org.junit.runners.ParentRunner$2.evaluate(ParentRunner.java:268)
	at org.junit.runners.ParentRunner.run(ParentRunner.java:363)
	at org.apache.maven.surefire.junit4.JUnit4Provider.execute(JUnit4Provider.java:264)
	at org.apache.maven.surefire.junit4.JUnit4Provider.executeTestSet(JUnit4Provider.java:153)
	at org.apache.maven.surefire.junit4.JUnit4Provider.invoke(JUnit4Provider.java:124)
	at org.apache.maven.surefire.booter.ForkedBooter.invokeProviderInSameClassLoader(ForkedBooter.java:200)
	at org.apache.maven.surefire.booter.ForkedBooter.runSuitesInProcess(ForkedBooter.java:153)
	at org.apache.maven.surefire.booter.ForkedBooter.main(ForkedBooter.java:103)
</failure>
  </testcase>
  <testcase name="addStudentGradesAndGetAverageTest" classname="example.control.SoftwareAcademyServiceTest" time="0.25"/>
  <testcase name="addStudentGradeAndUpdateAverageTest" classname="example.control.SoftwareAcademyServiceTest" time="0.265">
    <failure message="expected:&lt;[4.5]&gt; but was:&lt;[5.0]&gt;" type="org.junit.ComparisonFailure"><![CDATA[org.junit.ComparisonFailure: expected:<[4.5]> but was:<[5.0]>
	at java.base/jdk.internal.reflect.NativeConstructorAccessorImpl.newInstance0(Native Method)
	at java.base/jdk.internal.reflect.NativeConstructorAccessorImpl.newInstance(NativeConstructorAccessorImpl.java:62)
	at java.base/jdk.internal.reflect.DelegatingConstructorAccessorImpl.newInstance(DelegatingConstructorAccessorImpl.java:45)
	at example.control.SoftwareAcademyServiceTest.addStudentGradeAndUpdateAverageTest(SoftwareAcademyServiceTest.java:47)
]]></failure>
    <system-out>Average grade is: 5.0
</system-out>
  </testcase>
</testsuite>