<?xml version="1.0" encoding="UTF-8"?>
<testsuite name="example.control.StudentDAOTest" time="2.076" tests="8" errors="0" skipped="0" failures="1">
  <properties>
[...]
</properties>
  <testcase name="testUpdateStudent" classname="example.control.StudentDAOTest" time="0.281">
    <failure message="&#10;Expecting:&#10;  &lt;Optional[Student{id=1, name=&apos;Janusz&apos;, password=&apos;janusz123&apos;, city=&apos;janusz123&apos;, birthday=1990-04-01, averageGrade=0.0}]&gt;&#10;to contain:&#10;  &lt;Student{id=1, name=&apos;Janusz&apos;, password=&apos;janusz123&apos;, city=&apos;Warszawa&apos;, birthday=1990-04-01, averageGrade=0.0}&gt;&#10;but did not." type="java.lang.AssertionError"><![CDATA[java.lang.AssertionError: 
Expecting:
  <Optional[Student{id=1, name='Janusz', password='janusz123', city='janusz123', birthday=1990-04-01, averageGrade=0.0}]>
to contain:
  <Student{id=1, name='Janusz', password='janusz123', city='Warszawa', birthday=1990-04-01, averageGrade=0.0}>
but did not.
	at example.control.StudentDAOTest.testUpdateStudent(StudentDAOTest.java:132)
]]></failure>
    <system-out>Optional[Student{id=1, name='Janusz', password='janusz123', city='janusz123', birthday=1990-04-01, averageGrade=0.0}]
</system-out>
  </testcase>
  <testcase name="testUpdateAverageGrade" classname="example.control.StudentDAOTest" time="0.234"/>
  <testcase name="saveAllStudentsTest" classname="example.control.StudentDAOTest" time="0.25"/>
  <testcase name="saveStudentTest" classname="example.control.StudentDAOTest" time="0.281"/>
  <testcase name="removeStudentTest" classname="example.control.StudentDAOTest" time="0.265"/>
  <testcase name="testGetAllStudents" classname="example.control.StudentDAOTest" time="0.281"/>
  <testcase name="testGetStudentById" classname="example.control.StudentDAOTest" time="0.234"/>
  <testcase name="testFindStudentByNameAndPassword" classname="example.control.StudentDAOTest" time="0.25"/>
</testsuite>