<?xml version="1.0" encoding="UTF-8"?>
<testsuite name="example.control.StudentGradeDAOTest" time="1.265" tests="5" errors="0" skipped="0" failures="1">
  <properties>
[...]
</properties>
  <testcase name="getAllStudentGradesFromGdansk" classname="example.control.StudentGradeDAOTest" time="0.266"/>
  <testcase name="getAverageStudentGradeFromSopot" classname="example.control.StudentGradeDAOTest" time="0.25">
    <failure message="&#10;Expecting an empty Optional but was containing value: &lt;0.0&gt;." type="java.lang.AssertionError"><![CDATA[java.lang.AssertionError: 
Expecting an empty Optional but was containing value: <0.0>.
	at example.control.StudentGradeDAOTest.getAverageStudentGradeFromSopot(StudentGradeDAOTest.java:72)
]]></failure>
  </testcase>
  <testcase name="getAllStudentGradesTest" classname="example.control.StudentGradeDAOTest" time="0.265"/>
  <testcase name="saveStudentGradeTest" classname="example.control.StudentGradeDAOTest" time="0.234"/>
  <testcase name="getAverageStudentGradeFromGdansk" classname="example.control.StudentGradeDAOTest" time="0.25"/>
</testsuite>